<?xml version="1.0" encoding="UTF-8"?>
<!-- Generated by org.testng.reporters.JUnitReportReporter -->
<testsuite skipped="0" hostname="DESKTOP-H7M3S5K" name="testingPackage.TestIbibo" tests="1" failures="0" timestamp="2021-05-31T13:46:20 IST" time="7.862" errors="0">
  <testcase name="test" time="7.862" classname="testingPackage.TestIbibo"/>
  <system-out/>
</testsuite> <!-- testingPackage.TestIbibo -->
