<?xml version="1.0" encoding="UTF-8"?>
<!-- Generated by org.testng.reporters.JUnitReportReporter -->
<testsuite hostname="DESKTOP-H7M3S5K" failures="0" tests="1" name="testingPackage.BookFlightDate" time="8.431" errors="0" timestamp="2021-05-30T22:08:54 IST" skipped="0">
  <testcase classname="testingPackage.BookFlightDate" name="selectDate" time="8.431"/>
  <system-out/>
</testsuite> <!-- testingPackage.BookFlightDate -->
