<?xml version="1.0" encoding="UTF-8"?>
<!-- Generated by org.testng.reporters.JUnitReportReporter -->
<testsuite skipped="0" hostname="DESKTOP-H7M3S5K" name="testingPackage.ExcelRead" tests="1" failures="0" timestamp="2021-05-31T10:44:25 IST" time="0.531" errors="0">
  <testcase name="readData" time="0.531" classname="testingPackage.ExcelRead"/>
  <system-out/>
</testsuite> <!-- testingPackage.ExcelRead -->
