<?xml version="1.0" encoding="UTF-8"?>
<!-- Generated by org.testng.reporters.JUnitReportReporter -->
<testsuite skipped="0" hostname="DESKTOP-H7M3S5K" name="testingPackage.BaseIbibo" tests="1" failures="0" timestamp="2021-05-31T12:23:26 IST" time="6.922" errors="0">
  <testcase name="beforeTest" time="6.922" classname="testingPackage.BaseIbibo"/>
  <system-out/>
</testsuite> <!-- testingPackage.BaseIbibo -->
