<?xml version="1.0" encoding="UTF-8"?>
<!-- Generated by org.testng.reporters.JUnitReportReporter -->
<testsuite skipped="0" hostname="DESKTOP-H7M3S5K" name="testingPackage.ReadExcelIbibo" tests="1" failures="0" timestamp="2021-05-31T12:39:32 IST" time="0.558" errors="0">
  <testcase name="readData" time="0.558" classname="testingPackage.ReadExcelIbibo"/>
  <system-out/>
</testsuite> <!-- testingPackage.ReadExcelIbibo -->
