<?xml version="1.0" encoding="UTF-8"?>
<!-- Generated by org.testng.reporters.JUnitReportReporter -->
<testsuite hostname="DESKTOP-H7M3S5K" failures="0" tests="1" name="testingPackage.FooterLinks" time="16.664" errors="0" timestamp="2021-05-30T23:02:33 IST" skipped="0">
  <testcase classname="testingPackage.FooterLinks" name="clickOnFooterLinks" time="16.664"/>
  <system-out/>
</testsuite> <!-- testingPackage.FooterLinks -->
